{
  "RSpec": {
    "coverage": {
      "/Users/cariw/Dropbox/Job Search/elevators/spec/models/building_spec.rb": [
        1,
        null,
        1,
        7,
        null,
        7,
        7,
        null,
        1,
        6,
        null,
        6,
        6,
        6,
        null,
        null,
        1,
        1,
        null,
        null,
        1,
        1,
        1,
        null,
        1,
        1,
        null,
        null,
        null,
        1,
        1,
        1,
        1,
        null,
        null,
        1,
        1,
        1,
        null,
        null,
        1,
        1,
        1,
        null,
        1,
        1,
        null,
        null,
        1,
        1,
        null,
        1,
        1,
        null,
        1,
        1,
        null,
        null,
        1,
        null,
        null,
        null
      ],
      "/Users/cariw/Dropbox/Job Search/elevators/spec/rails_helper.rb": [
        null,
        1,
        1,
        1,
        1,
        null,
        null,
        null,
        null,
        null,
        null,
        null,
        null,
        null,
        null,
        null,
        null,
        null,
        null,
        null,
        null,
        null,
        null,
        null,
        null,
        1,
        null,
        1,
        null,
        1,
        null,
        null,
        null,
        null,
        1,
        null,
        null,
        null,
        null,
        null,
        null,
        null,
        null,
        null,
        null,
        null,
        null,
        null,
        null,
        1,
        null
      ],
      "/Users/cariw/Dropbox/Job Search/elevators/config/environment.rb": [
        null,
        1,
        null,
        null,
        1
      ],
      "/Users/cariw/Dropbox/Job Search/elevators/config/application.rb": [
        1,
        null,
        null,
        1,
        1,
        1,
        1,
        1,
        1,
        1,
        null,
        null,
        null,
        null,
        1,
        null,
        1,
        1,
        null,
        null,
        null,
        null,
        null,
        null,
        null,
        null,
        null,
        null,
        null,
        null,
        null,
        1,
        null,
        null
      ],
      "/Users/cariw/Dropbox/Job Search/elevators/config/boot.rb": [
        1,
        null,
        1
      ],
      "/Users/cariw/Dropbox/Job Search/elevators/config/environments/test.rb": [
        1,
        null,
        null,
        null,
        null,
        null,
        null,
        1,
        null,
        null,
        null,
        null,
        1,
        null,
        null,
        1,
        1,
        null,
        null,
        1,
        1,
        null,
        null,
        1,
        null,
        null,
        1,
        null,
        null,
        null,
        null,
        1,
        null,
        null,
        1,
        null,
        null,
        1,
        null,
        null,
        null,
        null
      ],
      "/Users/cariw/Dropbox/Job Search/elevators/config/initializers/assets.rb": [
        null,
        null,
        null,
        1,
        null,
        null,
        null,
        null,
        null,
        null,
        null
      ],
      "/Users/cariw/Dropbox/Job Search/elevators/config/initializers/backtrace_silencers.rb": [
        null,
        null,
        null,
        null,
        null,
        null,
        null
      ],
      "/Users/cariw/Dropbox/Job Search/elevators/config/initializers/cookies_serializer.rb": [
        null,
        null,
        1
      ],
      "/Users/cariw/Dropbox/Job Search/elevators/config/initializers/filter_parameter_logging.rb": [
        null,
        null,
        null,
        1
      ],
      "/Users/cariw/Dropbox/Job Search/elevators/config/initializers/inflections.rb": [
        null,
        null,
        null,
        null,
        null,
        null,
        null,
        null,
        null,
        null,
        null,
        null,
        null,
        null,
        null,
        null
      ],
      "/Users/cariw/Dropbox/Job Search/elevators/config/initializers/mime_types.rb": [
        null,
        null,
        null,
        null
      ],
      "/Users/cariw/Dropbox/Job Search/elevators/config/initializers/session_store.rb": [
        null,
        null,
        1
      ],
      "/Users/cariw/Dropbox/Job Search/elevators/config/initializers/wrap_parameters.rb": [
        null,
        null,
        null,
        null,
        null,
        null,
        1,
        1,
        null,
        null,
        null,
        null,
        null,
        null
      ],
      "/Users/cariw/Dropbox/Job Search/elevators/spec/factories/buildings.rb": [
        1,
        null,
        1,
        null,
        null,
        null
      ],
      "/Users/cariw/Dropbox/Job Search/elevators/spec/factories/elevators.rb": [
        1,
        null,
        1,
        18,
        null,
        null,
        null
      ],
      "/Users/cariw/Dropbox/Job Search/elevators/spec/factories/floors.rb": [
        1,
        1,
        null,
        null,
        null,
        null
      ],
      "/Users/cariw/Dropbox/Job Search/elevators/config/routes.rb": [
        1,
        null,
        null,
        null,
        null,
        null,
        null,
        null,
        null,
        null,
        null,
        null,
        null,
        null,
        null,
        null,
        null,
        null,
        null,
        null,
        null,
        null,
        null,
        null,
        null,
        null,
        null,
        null,
        null,
        null,
        null,
        null,
        null,
        null,
        null,
        null,
        null,
        null,
        null,
        null,
        null,
        null,
        null,
        null,
        null,
        null,
        null,
        null,
        null,
        null,
        null,
        null,
        null,
        null,
        null,
        null
      ],
      "/Users/cariw/Dropbox/Job Search/elevators/app/helpers/application_helper.rb": [
        1,
        null
      ],
      "/Users/cariw/Dropbox/Job Search/elevators/app/models/building.rb": [
        1,
        1,
        1,
        null,
        1,
        7,
        7,
        null,
        7,
        7,
        null,
        7,
        14,
        14,
        null,
        null,
        null,
        1,
        6,
        6,
        null,
        6,
        12,
        12,
        9,
        9,
        null,
        null,
        null,
        null,
        6,
        null,
        null
      ],
      "/Users/cariw/Dropbox/Job Search/elevators/spec/models/elevator_spec.rb": [
        1,
        null,
        null,
        null,
        null,
        null,
        1,
        null,
        6,
        6,
        null,
        1,
        1,
        0,
        0,
        null,
        null,
        1,
        1,
        1,
        null,
        null,
        null,
        1,
        null,
        1,
        1,
        1,
        null,
        null,
        1,
        1,
        1,
        null,
        null,
        null,
        1,
        1,
        1,
        1,
        null,
        1,
        1,
        null,
        null,
        null,
        null
      ],
      "/Users/cariw/Dropbox/Job Search/elevators/app/models/elevator.rb": [
        1,
        1,
        1,
        null,
        1,
        14,
        14,
        null,
        null,
        1,
        19,
        19,
        null,
        19,
        14,
        5,
        0,
        4,
        0,
        null,
        3,
        null,
        null,
        null,
        1,
        5,
        2,
        0,
        null,
        0,
        null,
        null,
        null,
        4,
        null,
        null,
        1,
        4,
        3,
        0,
        null,
        0,
        null,
        null,
        null,
        3,
        null,
        null,
        1,
        14,
        null,
        null,
        1,
        0,
        null,
        null,
        1,
        0,
        null,
        null,
        1,
        3,
        null,
        null,
        1,
        14,
        null,
        null
      ],
      "/Users/cariw/Dropbox/Job Search/elevators/spec/models/floor_spec.rb": [
        1,
        null,
        1,
        1,
        null
      ],
      "/Users/cariw/Dropbox/Job Search/elevators/app/models/floor.rb": [
        1,
        1,
        1,
        null,
        1,
        null,
        1,
        60,
        null,
        null
      ]
    },
    "timestamp": 1433872979
  }
}
